<?xml version="1.0" encoding="UTF-8"?>
<!-- Generated by org.testng.reporters.JUnitReportReporter -->
<testsuite hostname="DESKTOP-14E9C6J" failures="0" tests="1" name="testNgProject.TestNgBasics" time="0.026" errors="0" timestamp="2025-05-07T20:51:21 IST" skipped="0">
  <testcase classname="testNgProject.TestNgBasics" name="testCase" time="0.026"/>
</testsuite> <!-- testNgProject.TestNgBasics -->
